### ISSUE TITLE
QIR: Functions that return Range by value produce IR that isn't compatible with C++

### ISSUE THREAD

**Issue by irinayat-MS** [microsoft/qsharp-compiler#801]
Related to https://github.com/microsoft/qsharp-language/issues/31

Define a C-type that has the same layout as %Range in QIR:
```
0:000> dt qir_static_tests!QirRange
   +0x000 start            : Int8B
   +0x008 step             : Int8B
   +0x010 end              : Int8B
```

This C-function invokes a Q# function that returns a range by value and the assembly, generated for it by Clang:
```
int64_t TestBody()
{
    QirRange range = Microsoft__Quantum__Testing__QIR__CreateRange__body(9, 17, 3);
    return range.end * 5;
}
0:000> uf qir_static_tests!TestBody
qir_static_tests!TestBody [D:\repos\qsharp-runtime\src\QirRuntime\test\QIR-static\qir-driver.cpp @ 319]:
  319 00007ff7`3772f3d0 4883ec38        sub     rsp,38h
  320 00007ff7`3772f3d4 488d4c2420      lea     rcx,[rsp+20h] // memory for 'range' is allocated on the stack, rcx contains the address now
  320 00007ff7`3772f3d9 ba09000000      mov     edx,9
  320 00007ff7`3772f3de 41b811000000    mov     r8d,11h
  320 00007ff7`3772f3e4 41b903000000    mov     r9d,3
  320 00007ff7`3772f3ea e8e1d90a00      call    qir_static_tests!Microsoft__Quantum__Testing__QIR__CreateRange__body (00007ff7`377dcdd0)
  321 00007ff7`3772f3ef 486944243005000000 imul  rax,qword ptr [rsp+30h],5 // expects to find range.end at rsp+30h, that is, rsp+20h+10h
  321 00007ff7`3772f3f8 4883c438        add     rsp,38h
  321 00007ff7`3772f3fc c3              ret
```

The Q# function to create a range, the QIR generated for it by Q# compiler and the assembly code, generated by Clang from the IR:
```
function CreateRange(start: Int, end: Int, step: Int) : Range { return start..step..end; }

define %Range @Microsoft__Quantum__Testing__QIR__CreateRange__body(i64 %start, i64 %end, i64 %step) {
entry:
  %0 = load %Range, %Range* @EmptyRange
  %1 = insertvalue %Range %0, i64 %start, 0
  %2 = insertvalue %Range %1, i64 %step, 1
  %3 = insertvalue %Range %2, i64 %end, 2
  ret %Range %3
}

0:000> uf qir_static_tests!Microsoft__Quantum__Testing__QIR__CreateRange__body
qir_static_tests!Microsoft__Quantum__Testing__QIR__CreateRange__body:
00007ff7`377dcdd0 50              push    rax // saves rax on the stack
00007ff7`377dcdd1 4889c8          mov     rax,rcx // rcx contains the address (preallocated on the stack by the caller) of 'range' to create
00007ff7`377dcdd4 48891424        mov     qword ptr [rsp],rdx // overrides saved rax value with range's start value
00007ff7`377dcdd8 4c89c2          mov     rdx,r8 // overrides range's start value with range's end value
00007ff7`377dcddb 488b0c24        mov     rcx,qword ptr [rsp] // overrides rcx with, effectively, range's start value
00007ff7`377dcddf 4158            pop     r8 // overrides range's end value with, effectively, range's start value
00007ff7`377dcde1 c3              ret
```

For example, if just before executing the `CreateRange` function had registers/stack in this state:
```
0:000> r
rax=000000e749d9e720 rbx=0000000000000000 rcx=000000e749d9e620
rdx=0000000000000009 rsi=0000000000000000 rdi=0000000000000000
rip=00007ff7377dcdd0 rsp=000000e749d9e5f8 rbp=000000e749d9e6c0
 r8=0000000000000011  r9=0000000000000003 r10=0000000000000002
r11=8101010101010100 r12=0000000000000000 r13=0000000000000000
r14=0000000000000000 r15=0000000000000000

0:000> dps rsp l8
000000e7`49d9e5f8  00007ff7`3772f3ef qir_static_tests!TestBody+0x1f
000000e7`49d9e600  000000e7`49d9e710
000000e7`49d9e608  000000e7`49d9e758
000000e7`49d9e610  00000002`49d9e6f0
000000e7`49d9e618  000000e7`49d9e720
000000e7`49d9e620  000000e7`49d9e720 <- the caller expects to find the created range here
000000e7`49d9e628  000000e7`49d9e6f0
000000e7`49d9e630  000000e7`49d9e700
```

After execution it would look like this:
```
0:000> r
rax=000000e749d9e620 rbx=0000000000000000 rcx=0000000000000009
rdx=0000000000000011 rsi=0000000000000000 rdi=0000000000000000
rip=00007ff7377dcde1 rsp=000000e749d9e5f8 rbp=000000e749d9e6c0
 r8=0000000000000009  r9=0000000000000003 r10=0000000000000002
r11=8101010101010100 r12=0000000000000000 r13=0000000000000000
r14=0000000000000000 r15=0000000000000000

0:000> dps rsp l8
000000e7`49d9e5f8  00007ff7`3772f3ef qir_static_tests!TestBody+0x1f
000000e7`49d9e600  000000e7`49d9e710
000000e7`49d9e608  000000e7`49d9e758
000000e7`49d9e610  00000002`49d9e6f0
000000e7`49d9e618  000000e7`49d9e720
000000e7`49d9e620  000000e7`49d9e720 <- the caller expects to find the created range here
000000e7`49d9e628  000000e7`49d9e6f0
000000e7`49d9e630  000000e7`49d9e700
```
As a result, the caller will read garbage from the stack, rather than the range it expected to be created:
```
0:000> dx range
range                 [Type: QirRange]
    [+0x000] start            : 993376462624 [Type: __int64]
    [+0x008] step             : 993376462576 [Type: __int64]
    [+0x010] end              : 993376462592 [Type: __int64]
```

**Comment by bettinaheim** [comment]
This should be resolve with #889.
